2016-08-23 7:10:58 - MOD: Modification Default

FILE: system/engine/action.php
REGEX: ~(require|include)(_once)?\(([^)]+)~
LINE: 41

FILE: system/engine/loader.php
REGEX: ~(require|include)(_once)?\(([^)]+)~
LINE: 49
LINE: 108
LINE: 120
LINE: 165

FILE: system/library/config.php
REGEX: ~(require|include)(_once)?\(([^)]+)~
LINE: 23

FILE: system/library/language.php
REGEX: ~(require|include)(_once)?\(([^)]+)~
LINE: 38
LINE: 40
LINE: 49
LINE: 51
LINE: 60
LINE: 62

FILE: system/library/template/php.php
REGEX: ~(require|include)(_once)?\(([^)]+)~
LINE: 18

FILE: system/library/template/tiwg.php
REGEX: ~(require|include)(_once)?\(([^)]+)~
LINE: 24
----------------------------------------------------------------
MOD: Simplica Theme

FILE: catalog/view/theme/simplica/template/common/cart.tpl
CODE: <div id="cart" class="btn-group btn-block">
LINE: 0

FILE: catalog/controller/extension/module/carousel.php
CODE: $this->document->addStyle('catalog/view/javascript/jquery/owl-carousel/owl.carousel.css');
LINE: 8

FILE: catalog/controller/extension/module/banner.php
CODE: $this->document->addStyle('catalog/view/javascript/jquery/owl-carousel/owl.carousel.css');
LINE: 8

FILE: catalog/controller/extension/module/slideshow.php
CODE: $this->document->addStyle('catalog/view/javascript/jquery/owl-carousel/owl.carousel.css');
LINE: 8

FILE: catalog/view/theme/default/template/common/footer.tpl
CODE: <p class="pull-left"><?php echo $powered; ?></p>
NOT FOUND - OPERATIONS ABORTED!

FILE: catalog/view/theme/simplica/template/common/footer.tpl
CODE: <p class="pull-left"><?php echo $powered; ?></p>
LINE: 42
----------------------------------------------------------------
MOD: Unlimit style solor by moused.1972@gmail.com

FILE: admin/controller/extension/theme/theme_default.php
CODE: $data['heading_title'] = $this->language->get('heading_title');
LINE: 28
CODE: $data['directories'][] = basename($directory);
LINE: 204

FILE: admin/language/en-gb/extension/theme/theme_default.php
CODE: <?php
LINE: 9

FILE: admin/language/zh-TW/extension/theme/theme_default.php
CODE: <?php
LINE: 9

FILE: admin/view/template/extension/theme/theme_default.tpl
CODE: <option value="<?php echo $directory; ?>"><?php echo $directory; ?></option>
LINE: 60
CODE: <?php echo $footer; ?>
LINE: 273

FILE: catalog/controller/common/header.php
CODE: $this->load->language('common/header');
LINE: 50

FILE: catalog/view/theme/default/template/common/header.tpl
CODE: </header>
LINE: 154

FILE: catalog/view/theme/simplica/template/common/header.tpl
CODE: </header>
LINE: 154
----------------------------------------------------------------
2016-09-06 1:28:24 - MOD: Modification Default

FILE: system/engine/action.php
REGEX: ~(require|include)(_once)?\(([^)]+)~
LINE: 41

FILE: system/engine/loader.php
REGEX: ~(require|include)(_once)?\(([^)]+)~
LINE: 49
LINE: 108
LINE: 120
LINE: 165

FILE: system/library/config.php
REGEX: ~(require|include)(_once)?\(([^)]+)~
LINE: 23

FILE: system/library/language.php
REGEX: ~(require|include)(_once)?\(([^)]+)~
LINE: 38
LINE: 40
LINE: 49
LINE: 51
LINE: 60
LINE: 62

FILE: system/library/template/php.php
REGEX: ~(require|include)(_once)?\(([^)]+)~
LINE: 18

FILE: system/library/template/tiwg.php
REGEX: ~(require|include)(_once)?\(([^)]+)~
LINE: 24
----------------------------------------------------------------
MOD: Simplica Theme

FILE: catalog/view/theme/simplica/template/common/cart.tpl
CODE: <div id="cart" class="btn-group btn-block">
LINE: 0

FILE: catalog/controller/extension/module/carousel.php
CODE: $this->document->addStyle('catalog/view/javascript/jquery/owl-carousel/owl.carousel.css');
LINE: 8

FILE: catalog/controller/extension/module/banner.php
CODE: $this->document->addStyle('catalog/view/javascript/jquery/owl-carousel/owl.carousel.css');
LINE: 8

FILE: catalog/controller/extension/module/slideshow.php
CODE: $this->document->addStyle('catalog/view/javascript/jquery/owl-carousel/owl.carousel.css');
LINE: 8

FILE: catalog/view/theme/default/template/common/footer.tpl
CODE: <p class="pull-left"><?php echo $powered; ?></p>
NOT FOUND - OPERATIONS ABORTED!

FILE: catalog/view/theme/simplica/template/common/footer.tpl
CODE: <p class="pull-left"><?php echo $powered; ?></p>
LINE: 42
----------------------------------------------------------------
MOD: home-btn-on-default-top-menu-kupi-bg-com

FILE: catalog/view/theme/default/template/common/header.tpl
CODE: <ul class="nav navbar-nav">
LINE: 94

FILE: catalog/view/theme/simplica/template/common/header.tpl
CODE: <ul class="nav navbar-nav">
LINE: 94
----------------------------------------------------------------
MOD: Unlimit style solor by moused.1972@gmail.com

FILE: admin/controller/extension/theme/theme_default.php
CODE: $data['heading_title'] = $this->language->get('heading_title');
LINE: 28
CODE: $data['directories'][] = basename($directory);
LINE: 204

FILE: admin/language/en-gb/extension/theme/theme_default.php
CODE: <?php
LINE: 9

FILE: admin/language/zh-TW/extension/theme/theme_default.php
CODE: <?php
LINE: 9

FILE: admin/view/template/extension/theme/theme_default.tpl
CODE: <option value="<?php echo $directory; ?>"><?php echo $directory; ?></option>
LINE: 60
CODE: <?php echo $footer; ?>
LINE: 273

FILE: catalog/controller/common/header.php
CODE: $this->load->language('common/header');
LINE: 50
CODE: </header>
LINE: 154
CODE: </header>
LINE: 154
----------------------------------------------------------------
2016-09-08 8:55:40 - MOD: Modification Default

FILE: system/engine/action.php
REGEX: ~(require|include)(_once)?\(([^)]+)~
LINE: 41

FILE: system/engine/loader.php
REGEX: ~(require|include)(_once)?\(([^)]+)~
LINE: 49
LINE: 108
LINE: 120
LINE: 165

FILE: system/library/config.php
REGEX: ~(require|include)(_once)?\(([^)]+)~
LINE: 23

FILE: system/library/language.php
REGEX: ~(require|include)(_once)?\(([^)]+)~
LINE: 38
LINE: 40
LINE: 49
LINE: 51
LINE: 60
LINE: 62

FILE: system/library/template/php.php
REGEX: ~(require|include)(_once)?\(([^)]+)~
LINE: 18

FILE: system/library/template/tiwg.php
REGEX: ~(require|include)(_once)?\(([^)]+)~
LINE: 24
----------------------------------------------------------------
MOD: Simplica Theme

FILE: catalog/view/theme/simplica/template/common/cart.tpl
CODE: <div id="cart" class="btn-group btn-block">
LINE: 0

FILE: catalog/controller/extension/module/carousel.php
CODE: $this->document->addStyle('catalog/view/javascript/jquery/owl-carousel/owl.carousel.css');
LINE: 8

FILE: catalog/controller/extension/module/banner.php
CODE: $this->document->addStyle('catalog/view/javascript/jquery/owl-carousel/owl.carousel.css');
LINE: 8

FILE: catalog/controller/extension/module/slideshow.php
CODE: $this->document->addStyle('catalog/view/javascript/jquery/owl-carousel/owl.carousel.css');
LINE: 8

FILE: catalog/view/theme/default/template/common/footer.tpl
CODE: <p class="pull-left"><?php echo $powered; ?></p>
NOT FOUND - OPERATIONS ABORTED!

FILE: catalog/view/theme/simplica/template/common/footer.tpl
CODE: <p class="pull-left"><?php echo $powered; ?></p>
LINE: 42
----------------------------------------------------------------
MOD: home-btn-on-default-top-menu-kupi-bg-com

FILE: catalog/view/theme/default/template/common/header.tpl
CODE: <ul class="nav navbar-nav">
LINE: 94

FILE: catalog/view/theme/simplica/template/common/header.tpl
CODE: <ul class="nav navbar-nav">
LINE: 94
----------------------------------------------------------------
MOD: Unlimit style solor by moused.1972@gmail.com

FILE: admin/controller/extension/theme/theme_default.php
CODE: $data['heading_title'] = $this->language->get('heading_title');
LINE: 28
CODE: $data['directories'][] = basename($directory);
LINE: 204

FILE: admin/language/en-gb/extension/theme/theme_default.php
CODE: <?php
LINE: 9

FILE: admin/language/zh-TW/extension/theme/theme_default.php
CODE: <?php
LINE: 9

FILE: admin/view/template/extension/theme/theme_default.tpl
CODE: <option value="<?php echo $directory; ?>"><?php echo $directory; ?></option>
LINE: 60
CODE: <?php echo $footer; ?>
LINE: 273

FILE: catalog/controller/common/header.php
CODE: $this->load->language('common/header');
LINE: 50
CODE: </header>
LINE: 154
CODE: </header>
LINE: 154
----------------------------------------------------------------
2016-09-14 1:18:25 - MOD: Modification Default

FILE: system/engine/action.php
REGEX: ~(require|include)(_once)?\(([^)]+)~
LINE: 41

FILE: system/engine/loader.php
REGEX: ~(require|include)(_once)?\(([^)]+)~
LINE: 49
LINE: 108
LINE: 120
LINE: 165

FILE: system/library/config.php
REGEX: ~(require|include)(_once)?\(([^)]+)~
LINE: 23

FILE: system/library/language.php
REGEX: ~(require|include)(_once)?\(([^)]+)~
LINE: 38
LINE: 40
LINE: 49
LINE: 51
LINE: 60
LINE: 62

FILE: system/library/template/php.php
REGEX: ~(require|include)(_once)?\(([^)]+)~
LINE: 18

FILE: system/library/template/tiwg.php
REGEX: ~(require|include)(_once)?\(([^)]+)~
LINE: 24
----------------------------------------------------------------
MOD: Simplica Theme

FILE: catalog/view/theme/simplica/template/common/cart.tpl
CODE: <div id="cart" class="btn-group btn-block">
LINE: 0

FILE: catalog/controller/extension/module/carousel.php
CODE: $this->document->addStyle('catalog/view/javascript/jquery/owl-carousel/owl.carousel.css');
LINE: 8

FILE: catalog/controller/extension/module/banner.php
CODE: $this->document->addStyle('catalog/view/javascript/jquery/owl-carousel/owl.carousel.css');
LINE: 8

FILE: catalog/controller/extension/module/slideshow.php
CODE: $this->document->addStyle('catalog/view/javascript/jquery/owl-carousel/owl.carousel.css');
LINE: 8

FILE: catalog/view/theme/default/template/common/footer.tpl
CODE: <p class="pull-left"><?php echo $powered; ?></p>
NOT FOUND - OPERATIONS ABORTED!

FILE: catalog/view/theme/simplica/template/common/footer.tpl
CODE: <p class="pull-left"><?php echo $powered; ?></p>
LINE: 42
----------------------------------------------------------------
MOD: Unlimit style solor by moused.1972@gmail.com

FILE: admin/controller/extension/theme/theme_default.php
CODE: $data['heading_title'] = $this->language->get('heading_title');
LINE: 28
CODE: $data['directories'][] = basename($directory);
LINE: 204

FILE: admin/language/en-gb/extension/theme/theme_default.php
CODE: <?php
LINE: 9

FILE: admin/language/zh-TW/extension/theme/theme_default.php
CODE: <?php
LINE: 9

FILE: admin/view/template/extension/theme/theme_default.tpl
CODE: <option value="<?php echo $directory; ?>"><?php echo $directory; ?></option>
LINE: 60
CODE: <?php echo $footer; ?>
LINE: 273

FILE: catalog/controller/common/header.php
CODE: $this->load->language('common/header');
LINE: 50

FILE: catalog/view/theme/default/template/common/header.tpl
CODE: </header>
LINE: 154

FILE: catalog/view/theme/simplica/template/common/header.tpl
CODE: </header>
LINE: 154
----------------------------------------------------------------
2016-09-14 1:19:28 - MOD: Modification Default

FILE: system/engine/action.php
REGEX: ~(require|include)(_once)?\(([^)]+)~
LINE: 41

FILE: system/engine/loader.php
REGEX: ~(require|include)(_once)?\(([^)]+)~
LINE: 49
LINE: 108
LINE: 120
LINE: 165

FILE: system/library/config.php
REGEX: ~(require|include)(_once)?\(([^)]+)~
LINE: 23

FILE: system/library/language.php
REGEX: ~(require|include)(_once)?\(([^)]+)~
LINE: 38
LINE: 40
LINE: 49
LINE: 51
LINE: 60
LINE: 62

FILE: system/library/template/php.php
REGEX: ~(require|include)(_once)?\(([^)]+)~
LINE: 18

FILE: system/library/template/tiwg.php
REGEX: ~(require|include)(_once)?\(([^)]+)~
LINE: 24
----------------------------------------------------------------
MOD: Simplica Theme

FILE: catalog/view/theme/simplica/template/common/cart.tpl
CODE: <div id="cart" class="btn-group btn-block">
LINE: 0

FILE: catalog/controller/extension/module/carousel.php
CODE: $this->document->addStyle('catalog/view/javascript/jquery/owl-carousel/owl.carousel.css');
LINE: 8

FILE: catalog/controller/extension/module/banner.php
CODE: $this->document->addStyle('catalog/view/javascript/jquery/owl-carousel/owl.carousel.css');
LINE: 8

FILE: catalog/controller/extension/module/slideshow.php
CODE: $this->document->addStyle('catalog/view/javascript/jquery/owl-carousel/owl.carousel.css');
LINE: 8

FILE: catalog/view/theme/default/template/common/footer.tpl
CODE: <p class="pull-left"><?php echo $powered; ?></p>
NOT FOUND - OPERATIONS ABORTED!

FILE: catalog/view/theme/simplica/template/common/footer.tpl
CODE: <p class="pull-left"><?php echo $powered; ?></p>
LINE: 42
----------------------------------------------------------------
MOD: home-btn-on-default-top-menu-kupi-bg-com

FILE: catalog/view/theme/default/template/common/header.tpl
CODE: <ul class="nav navbar-nav">
LINE: 94

FILE: catalog/view/theme/simplica/template/common/header.tpl
CODE: <ul class="nav navbar-nav">
LINE: 94
----------------------------------------------------------------
MOD: Unlimit style solor by moused.1972@gmail.com

FILE: admin/controller/extension/theme/theme_default.php
CODE: $data['heading_title'] = $this->language->get('heading_title');
LINE: 28
CODE: $data['directories'][] = basename($directory);
LINE: 204

FILE: admin/language/en-gb/extension/theme/theme_default.php
CODE: <?php
LINE: 9

FILE: admin/language/zh-TW/extension/theme/theme_default.php
CODE: <?php
LINE: 9

FILE: admin/view/template/extension/theme/theme_default.tpl
CODE: <option value="<?php echo $directory; ?>"><?php echo $directory; ?></option>
LINE: 60
CODE: <?php echo $footer; ?>
LINE: 273

FILE: catalog/controller/common/header.php
CODE: $this->load->language('common/header');
LINE: 50
CODE: </header>
LINE: 154
CODE: </header>
LINE: 154
----------------------------------------------------------------
2016-09-14 6:18:43 - MOD: Modification Default

FILE: system/engine/action.php
REGEX: ~(require|include)(_once)?\(([^)]+)~
LINE: 41

FILE: system/engine/loader.php
REGEX: ~(require|include)(_once)?\(([^)]+)~
LINE: 49
LINE: 108
LINE: 120
LINE: 165

FILE: system/library/config.php
REGEX: ~(require|include)(_once)?\(([^)]+)~
LINE: 23

FILE: system/library/language.php
REGEX: ~(require|include)(_once)?\(([^)]+)~
LINE: 38
LINE: 40
LINE: 49
LINE: 51
LINE: 60
LINE: 62

FILE: system/library/template/php.php
REGEX: ~(require|include)(_once)?\(([^)]+)~
LINE: 18

FILE: system/library/template/tiwg.php
REGEX: ~(require|include)(_once)?\(([^)]+)~
LINE: 24
----------------------------------------------------------------
MOD: Simplica Theme

FILE: catalog/view/theme/simplica/template/common/cart.tpl
CODE: <div id="cart" class="btn-group btn-block">
LINE: 0

FILE: catalog/controller/extension/module/carousel.php
CODE: $this->document->addStyle('catalog/view/javascript/jquery/owl-carousel/owl.carousel.css');
LINE: 8

FILE: catalog/controller/extension/module/banner.php
CODE: $this->document->addStyle('catalog/view/javascript/jquery/owl-carousel/owl.carousel.css');
LINE: 8

FILE: catalog/controller/extension/module/slideshow.php
CODE: $this->document->addStyle('catalog/view/javascript/jquery/owl-carousel/owl.carousel.css');
LINE: 8

FILE: catalog/view/theme/default/template/common/footer.tpl
CODE: <p class="pull-left"><?php echo $powered; ?></p>
NOT FOUND - OPERATIONS ABORTED!

FILE: catalog/view/theme/simplica/template/common/footer.tpl
CODE: <p class="pull-left"><?php echo $powered; ?></p>
LINE: 42
----------------------------------------------------------------
MOD: home-btn-on-default-top-menu-kupi-bg-com

FILE: catalog/view/theme/default/template/common/header.tpl
CODE: <ul class="nav navbar-nav">
LINE: 94

FILE: catalog/view/theme/simplica/template/common/header.tpl
CODE: <ul class="nav navbar-nav">
LINE: 94
----------------------------------------------------------------
MOD: Unlimit style solor by moused.1972@gmail.com

FILE: admin/controller/extension/theme/theme_default.php
CODE: $data['heading_title'] = $this->language->get('heading_title');
LINE: 28
CODE: $data['directories'][] = basename($directory);
LINE: 204

FILE: admin/language/en-gb/extension/theme/theme_default.php
CODE: <?php
LINE: 9

FILE: admin/language/zh-TW/extension/theme/theme_default.php
CODE: <?php
LINE: 9

FILE: admin/view/template/extension/theme/theme_default.tpl
CODE: <option value="<?php echo $directory; ?>"><?php echo $directory; ?></option>
LINE: 60
CODE: <?php echo $footer; ?>
LINE: 273

FILE: catalog/controller/common/header.php
CODE: $this->load->language('common/header');
LINE: 50
CODE: </header>
LINE: 154
CODE: </header>
LINE: 154
----------------------------------------------------------------
2016-09-15 3:37:13 - MOD: Modification Default

FILE: system/engine/action.php
REGEX: ~(require|include)(_once)?\(([^)]+)~
LINE: 41

FILE: system/engine/loader.php
REGEX: ~(require|include)(_once)?\(([^)]+)~
LINE: 49
LINE: 108
LINE: 120
LINE: 165

FILE: system/library/config.php
REGEX: ~(require|include)(_once)?\(([^)]+)~
LINE: 23

FILE: system/library/language.php
REGEX: ~(require|include)(_once)?\(([^)]+)~
LINE: 38
LINE: 40
LINE: 49
LINE: 51
LINE: 60
LINE: 62

FILE: system/library/template/php.php
REGEX: ~(require|include)(_once)?\(([^)]+)~
LINE: 18

FILE: system/library/template/tiwg.php
REGEX: ~(require|include)(_once)?\(([^)]+)~
LINE: 24
----------------------------------------------------------------
MOD: Simplica Theme

FILE: catalog/view/theme/simplica/template/common/cart.tpl
CODE: <div id="cart" class="btn-group btn-block">
LINE: 0

FILE: catalog/controller/extension/module/carousel.php
CODE: $this->document->addStyle('catalog/view/javascript/jquery/owl-carousel/owl.carousel.css');
LINE: 8

FILE: catalog/controller/extension/module/banner.php
CODE: $this->document->addStyle('catalog/view/javascript/jquery/owl-carousel/owl.carousel.css');
LINE: 8

FILE: catalog/controller/extension/module/slideshow.php
CODE: $this->document->addStyle('catalog/view/javascript/jquery/owl-carousel/owl.carousel.css');
LINE: 8

FILE: catalog/view/theme/default/template/common/footer.tpl
CODE: <p class="pull-left"><?php echo $powered; ?></p>
NOT FOUND - OPERATIONS ABORTED!

FILE: catalog/view/theme/simplica/template/common/footer.tpl
CODE: <p class="pull-left"><?php echo $powered; ?></p>
LINE: 42
----------------------------------------------------------------
MOD: <font color="#0000"><b>Menu 100% theme Default</font>

FILE: catalog/view/theme/default/template/common/header.tpl
CODE: <div class="container">
LINE: 87
CODE: <nav id="menu" class="navbar">
LINE: 93
CODE: </nav>
LINE: 70
LINE: 126

FILE: catalog/view/theme/simplica/template/common/header.tpl
CODE: <div class="container">
LINE: 87
CODE: <nav id="menu" class="navbar">
LINE: 93
CODE: </nav>
LINE: 70
LINE: 127
----------------------------------------------------------------
MOD: home-btn-on-default-top-menu-kupi-bg-com
CODE: <ul class="nav navbar-nav">
LINE: 102
CODE: <ul class="nav navbar-nav">
LINE: 102
----------------------------------------------------------------
MOD: Unlimit style solor by moused.1972@gmail.com

FILE: admin/controller/extension/theme/theme_default.php
CODE: $data['heading_title'] = $this->language->get('heading_title');
LINE: 28
CODE: $data['directories'][] = basename($directory);
LINE: 204

FILE: admin/language/en-gb/extension/theme/theme_default.php
CODE: <?php
LINE: 9

FILE: admin/language/zh-TW/extension/theme/theme_default.php
CODE: <?php
LINE: 9

FILE: admin/view/template/extension/theme/theme_default.tpl
CODE: <option value="<?php echo $directory; ?>"><?php echo $directory; ?></option>
LINE: 60
CODE: <?php echo $footer; ?>
LINE: 273

FILE: catalog/controller/common/header.php
CODE: $this->load->language('common/header');
LINE: 50
CODE: </header>
LINE: 157
CODE: </header>
LINE: 157
----------------------------------------------------------------
